<?xml version="1.0" encoding="UTF-8"?>
<!-- Generated by org.testng.reporters.JUnitXMLReporter -->
<testsuite ignored="5" hostname="DESKTOP-BFV7AEF" failures="0" tests="2" name="search" time="19.521" errors="0" timestamp="2024-10-08T23:31:04 IST">
  <testcase classname="com.amazon.search.Search" name="validate_Search" time="3.2"/>
  <testcase classname="com.amazon.search.AddToCartPage" name="validateAddToCart" time="14.818"/>
  <testcase classname="com.amazon.search.Search" name="validate_Pagination" time="0.0">
    <ignored/>
  </testcase> <!-- validate_Pagination -->
  <testcase classname="com.amazon.search.Search" name="validate_SearchResult" time="0.0">
    <ignored/>
  </testcase> <!-- validate_SearchResult -->
  <testcase classname="com.amazon.testBase.TestBase" name="@BeforeSuite setup" time="0.0">
    <ignored/>
  </testcase> <!-- @BeforeSuite setup -->
  <testcase classname="com.amazon.search.Search" name="validate_ItemsPriceList" time="0.0">
    <ignored/>
  </testcase> <!-- validate_ItemsPriceList -->
  <testcase classname="com.amazon.search.Search" name="validate_brands" time="0.0">
    <ignored/>
  </testcase> <!-- validate_brands -->
</testsuite> <!-- search -->
